
/home/runner/work/exp-equilibrium-densities-pop-stability-au/exp-equilibrium-densities-pop-stability-au/experiment/simulation/js/chart.js
  2:7  warning  'Chart' is assigned a value but never used  no-unused-vars

/home/runner/work/exp-equilibrium-densities-pop-stability-au/exp-equilibrium-densities-pop-stability-au/experiment/simulation/js/common.js
   3:10   warning  'dl' is defined but never used           no-unused-vars
   4:10   warning  'downloadPNG' is defined but never used  no-unused-vars
   6:10   warning  'setLegend' is defined but never used    no-unused-vars
   7:10   warning  'saveRun' is defined but never used      no-unused-vars
   8:10   warning  'loadRun' is defined but never used      no-unused-vars
   8:291  warning  'sync' is not defined                    no-undef
  11:10   warning  'renderField' is defined but never used  no-unused-vars
  18:10   warning  'toggleFS' is defined but never used     no-unused-vars

/home/runner/work/exp-equilibrium-densities-pop-stability-au/exp-equilibrium-densities-pop-stability-au/experiment/simulation/js/main.js
  29:17   warning  'Chart' is not defined                   no-undef
  30:5    warning  'Chart' is not defined                   no-undef
  31:5    warning  'setLegend' is not defined               no-undef
  34:12   warning  'Chart' is not defined                   no-undef
  36:19   warning  'Chart' is not defined                   no-undef
  36:152  warning  'setLegend' is not defined               no-undef
  37:23   warning  'Chart' is not defined                   no-undef
  37:154  warning  'setLegend' is not defined               no-undef
  38:23   warning  'Chart' is not defined                   no-undef
  38:158  warning  'setLegend' is not defined               no-undef
  39:8    warning  'Chart' is not defined                   no-undef
  39:214  warning  'setLegend' is not defined               no-undef
  42:27   warning  'renderField' is not defined             no-undef
  44:3    warning  'renderField' is not defined             no-undef
  52:105  warning  'toast' is not defined                   no-undef
  53:89   warning  'toast' is not defined                   no-undef
  55:10   warning  'play' is defined but never used         no-unused-vars
  57:10   warning  'step' is defined but never used         no-unused-vars
  60:10   warning  'resetSim' is defined but never used     no-unused-vars
  60:226  warning  'toast' is not defined                   no-undef
  61:10   warning  'downloadCSV' is defined but never used  no-unused-vars
  61:54   warning  'toast' is not defined                   no-undef
  61:237  warning  'dl' is not defined                      no-undef
  61:300  warning  'toast' is not defined                   no-undef
  61:428  warning  'dl' is not defined                      no-undef
  61:474  warning  'toast' is not defined                   no-undef

✖ 35 problems (0 errors, 35 warnings)

